0 info it worked if it ends with ok
1 verbose cli [ 'C:\\Program Files\\nodejs\\node.exe',
1 verbose cli   'C:\\Program Files\\nodejs\\node_modules\\npm\\bin\\npm-cli.js',
1 verbose cli   'run',
1 verbose cli   'compress' ]
2 info using npm@2.14.20
3 info using node@v5.7.1
4 verbose run-script [ 'precompress', 'compress', 'postcompress' ]
5 info precompress BookmarxChromeExtension@1.0.0
6 info compress BookmarxChromeExtension@1.0.0
7 verbose unsafe-perm in lifecycle true
8 info BookmarxChromeExtension@1.0.0 Failed to exec compress script
9 verbose stack Error: BookmarxChromeExtension@1.0.0 compress: `git bundle create ~/$npm_package_name-$npm_package_version.zip ./{templates/*,lib/*,css/*,scripts/*.js,*.html,manifest.json,*.png,*.ico}`
9 verbose stack Exit status 128
9 verbose stack     at EventEmitter.<anonymous> (C:\Program Files\nodejs\node_modules\npm\lib\utils\lifecycle.js:214:16)
9 verbose stack     at emitTwo (events.js:100:13)
9 verbose stack     at EventEmitter.emit (events.js:185:7)
9 verbose stack     at ChildProcess.<anonymous> (C:\Program Files\nodejs\node_modules\npm\lib\utils\spawn.js:24:14)
9 verbose stack     at emitTwo (events.js:100:13)
9 verbose stack     at ChildProcess.emit (events.js:185:7)
9 verbose stack     at maybeClose (internal/child_process.js:827:16)
9 verbose stack     at Process.ChildProcess._handle.onexit (internal/child_process.js:211:5)
10 verbose pkgid BookmarxChromeExtension@1.0.0
11 verbose cwd C:\Users\scsan_000\Documents\Personal_Code\Projects\BookmarxChromeExtension
12 error Windows_NT 10.0.10586
13 error argv "C:\\Program Files\\nodejs\\node.exe" "C:\\Program Files\\nodejs\\node_modules\\npm\\bin\\npm-cli.js" "run" "compress"
14 error node v5.7.1
15 error npm  v2.14.20
16 error code ELIFECYCLE
17 error BookmarxChromeExtension@1.0.0 compress: `git bundle create ~/$npm_package_name-$npm_package_version.zip ./{templates/*,lib/*,css/*,scripts/*.js,*.html,manifest.json,*.png,*.ico}`
17 error Exit status 128
18 error Failed at the BookmarxChromeExtension@1.0.0 compress script 'git bundle create ~/$npm_package_name-$npm_package_version.zip ./{templates/*,lib/*,css/*,scripts/*.js,*.html,manifest.json,*.png,*.ico}'.
18 error This is most likely a problem with the BookmarxChromeExtension package,
18 error not with npm itself.
18 error Tell the author that this fails on your system:
18 error     git bundle create ~/$npm_package_name-$npm_package_version.zip ./{templates/*,lib/*,css/*,scripts/*.js,*.html,manifest.json,*.png,*.ico}
18 error You can get information on how to open an issue for this project with:
18 error     npm bugs BookmarxChromeExtension
18 error Or if that isn't available, you can get their info via:
18 error
18 error     npm owner ls BookmarxChromeExtension
18 error There is likely additional logging output above.
19 verbose exit [ 1, true ]
